Exception at PC 0x00007FFEAA6FA388
Exception at PC 0x00007FFEAA6FA388
Exception at PC 0x00007FFEAA6FA388
Exception at PC 0x00007FFEAA6FA388
Exception at PC 0x00007FFE118FE132
Attemped to write at address 0x00007FFE655D4AA4
Printing stacktrace...

[0]  [0x00007FFE118FE132]
[1]  [0x00007FFE118FE132]
[2]  [0x00007FFE118FE194]
[3]  [0x00007FFE1154D0D7]
[4]  [0x00007FFE11432BCA]
[5]  [0x00007FFE11432FD1]
[6]  [0x00007FFE118FEB2F]
[7]  [0x00007FFE117BC19D]
[8]  [0x00007FFE117B5942]
[9]  [0x00007FFE117B5AB5]
[10] (RtlActivateActivationContextUnsafeFast+0x123) [0x00007FFEAD68B583]
[11] (LdrShutdownProcess+0x125) [0x00007FFEAD697F85]
[12] (RtlExitUserProcess+0xd8) [0x00007FFEAD697E48]
[13] (FatalExit+0xa) [0x00007FFEAC19C80A]
[14] (exit+0x75) [0x00007FFEACAA9CE5]
[15] (initterm_e+0x235) [0x00007FFEACAAA345]
[16]  [0x00000000004014CD]
[17]  [0x000000000040151B]
[18] (BaseThreadInitThunk+0x14) [0x00007FFEAC193DC4]
[19] (RtlUserThreadStart+0x21) [0x00007FFEAD6C3691]
Done
